<?xml version="1.0" encoding="UTF-8"?>
<testng-results ignored="0" total="0" passed="0" failed="0" skipped="0">
  <reporter-output>
  </reporter-output>
  <suite started-at="2021-01-25T13:41:35 CST" name="com.qa.test.TestClass" finished-at="2021-01-25T13:41:35 CST" duration-ms="8">
    <groups>
    </groups>
    <test started-at="2021-01-25T13:41:35 CST" name="Command line test" finished-at="2021-01-25T13:41:35 CST" duration-ms="8">
    </test> <!-- Command line test -->
  </suite> <!-- com.qa.test.TestClass -->
</testng-results>
