<?xml version="1.0" encoding="UTF-8"?>
<testng-results ignored="0" total="1" passed="1" failed="0" skipped="0">
  <reporter-output>
  </reporter-output>
  <suite started-at="2021-01-25T13:43:10 CST" name="Default suite" finished-at="2021-01-25T13:43:10 CST" duration-ms="50">
    <groups>
    </groups>
    <test started-at="2021-01-25T13:43:10 CST" name="Default test" finished-at="2021-01-25T13:43:10 CST" duration-ms="50">
      <class name="com.qa.test.TestClass">
        <test-method signature="test1()[pri:0, instance:com.qa.test.TestClass@343570b7]" started-at="2021-01-25T13:43:10 CST" name="test1" finished-at="2021-01-25T13:43:10 CST" duration-ms="8" status="PASS">
          <reporter-output>
          </reporter-output>
        </test-method> <!-- test1 -->
      </class> <!-- com.qa.test.TestClass -->
    </test> <!-- Default test -->
  </suite> <!-- Default suite -->
</testng-results>
